c:\users\dave\source\repos\spaceinvaders\spaceinvaders\spaceinvaders\debug\vc140.pdb
c:\users\dave\source\repos\spaceinvaders\spaceinvaders\spaceinvaders\debug\vc140.idb
c:\users\dave\source\repos\spaceinvaders\spaceinvaders\spaceinvaders\debug\spaceinvaders.obj
c:\users\dave\source\repos\spaceinvaders\spaceinvaders\spaceinvaders\debug\main.obj
c:\users\dave\source\repos\spaceinvaders\spaceinvaders\spaceinvaders\debug\vc141.pdb
c:\users\dave\source\repos\spaceinvaders\spaceinvaders\spaceinvaders\debug\entity.obj
c:\users\dave\source\repos\spaceinvaders\spaceinvaders\spaceinvaders\debug\player.obj
c:\users\dave\source\repos\spaceinvaders\spaceinvaders\spaceinvaders\debug\vc141.idb
c:\users\dave\source\repos\spaceinvaders\spaceinvaders\spaceinvaders\debug\invader.obj
c:\users\dave\source\repos\spaceinvaders\spaceinvaders\spaceinvaders\debug\stopwatch.obj
c:\users\dave\source\repos\spaceinvaders\spaceinvaders\debug\spaceinvaders.pdb
c:\users\dave\source\repos\spaceinvaders\spaceinvaders\spaceinvaders\debug\spaceinvaders.tlog\cl.command.1.tlog
c:\users\dave\source\repos\spaceinvaders\spaceinvaders\spaceinvaders\debug\spaceinvaders.tlog\cl.read.1.tlog
c:\users\dave\source\repos\spaceinvaders\spaceinvaders\spaceinvaders\debug\spaceinvaders.tlog\cl.write.1.tlog
c:\users\dave\source\repos\spaceinvaders\spaceinvaders\spaceinvaders\debug\spaceinvaders.tlog\link-cvtres.read.1.tlog
c:\users\dave\source\repos\spaceinvaders\spaceinvaders\spaceinvaders\debug\spaceinvaders.tlog\link-cvtres.write.1.tlog
c:\users\dave\source\repos\spaceinvaders\spaceinvaders\spaceinvaders\debug\spaceinvaders.tlog\link-rc.read.1.tlog
c:\users\dave\source\repos\spaceinvaders\spaceinvaders\spaceinvaders\debug\spaceinvaders.tlog\link-rc.write.1.tlog
c:\users\dave\source\repos\spaceinvaders\spaceinvaders\spaceinvaders\debug\spaceinvaders.tlog\link.command.1.tlog
c:\users\dave\source\repos\spaceinvaders\spaceinvaders\spaceinvaders\debug\spaceinvaders.tlog\link.delete.1.tlog
c:\users\dave\source\repos\spaceinvaders\spaceinvaders\spaceinvaders\debug\spaceinvaders.tlog\link.read.1.tlog
c:\users\dave\source\repos\spaceinvaders\spaceinvaders\spaceinvaders\debug\spaceinvaders.tlog\link.write.1.tlog
